<?xml version="1.0" encoding="UTF-8"?>
<testsuite name="ParseTest" tests="1" skipped="1" failures="0" errors="0" timestamp="2019-08-21T20:14:05" hostname="MBP.fibertel.com.ar" time="57.844">
  <properties/>
  <testcase name="testParse2()" classname="ParseTest" time="57.844">
    <skipped/>
  </testcase>
  <system-out><![CDATA[]]></system-out>
  <system-err><![CDATA[]]></system-err>
</testsuite>
